app/build/intermediates/manifest_merge_blame_file/debug/manifest-merger-blame-debug-report.txt
1<?xml version="1.0" encoding="utf-8"?>
2<manifest xmlns:android="http://schemas.android.com/apk/res/android"
3    package="fr.eya.uwblink"
4    android:versionCode="1"
5    android:versionName="1.0" >
6
7    <uses-sdk
8        android:minSdkVersion="31"
9        android:targetSdkVersion="33" />
10
11    <uses-feature
11-->src\main\AndroidManifest.xml:6:5-9:8
12        android:name="android.hardware.bluetooth"
12-->src\main\AndroidManifest.xml:7:9-50
13        android:required="true" />
13-->src\main\AndroidManifest.xml:8:9-32
14
15    <uses-permission android:name="android.permission.BLUETOOTH" />
15-->src\main\AndroidManifest.xml:10:5-68
15-->src\main\AndroidManifest.xml:10:22-65
16    <uses-permission android:name="android.permission.BLUETOOTH_SCAN" />
16-->src\main\AndroidManifest.xml:11:5-73
16-->src\main\AndroidManifest.xml:11:22-70
17    <uses-permission android:name="android.permission.BLUETOOTH_ADVERTISE" />
17-->src\main\AndroidManifest.xml:12:5-78
17-->src\main\AndroidManifest.xml:12:22-75
18    <uses-permission android:name="android.permission.BLUETOOTH_CONNECT" />
18-->src\main\AndroidManifest.xml:13:5-76
18-->src\main\AndroidManifest.xml:13:22-73
19    <uses-permission android:name="android.permission.BLUETOOTH_ADMIN" />
19-->src\main\AndroidManifest.xml:14:5-74
19-->src\main\AndroidManifest.xml:14:22-71
20    <uses-permission android:name="android.permission.ACCESS_COARSE_LOCATION" />
20-->src\main\AndroidManifest.xml:15:5-81
20-->src\main\AndroidManifest.xml:15:22-78
21    <uses-permission android:name="android.permission.ACCESS_FINE_LOCATION" />
21-->src\main\AndroidManifest.xml:16:5-79
21-->src\main\AndroidManifest.xml:16:22-76
22    <uses-permission android:name="android.permission.ACCESS_WIFI_STATE" />
22-->src\main\AndroidManifest.xml:17:5-76
22-->src\main\AndroidManifest.xml:17:22-73
23    <uses-permission android:name="android.permission.CHANGE_WIFI_STATE" />
23-->src\main\AndroidManifest.xml:18:5-76
23-->src\main\AndroidManifest.xml:18:22-73
24    <uses-permission android:name="android.permission.NEARBY_WIFI_DEVICES" />
24-->src\main\AndroidManifest.xml:19:5-78
24-->src\main\AndroidManifest.xml:19:22-75
25    <uses-permission android:name="android.permission.UWB_RANGING" />
25-->src\main\AndroidManifest.xml:20:5-70
25-->src\main\AndroidManifest.xml:20:22-67
26
27    <queries>
27-->[androidx.core.uwb:uwb:1.0.0-alpha05] AndroidManifest.xml:22:5-24:15
28        <package android:name="androidx.core.uwb.backend" />
28-->[androidx.core.uwb:uwb:1.0.0-alpha05] AndroidManifest.xml:23:9-61
28-->[androidx.core.uwb:uwb:1.0.0-alpha05] AndroidManifest.xml:23:18-58
29    </queries>
30
31    <uses-permission android:name="android.permission.ACCESS_NETWORK_STATE" />
31-->[com.google.android.gms:play-services-nearby:19.2.0] AndroidManifest.xml:7:5-79
31-->[com.google.android.gms:play-services-nearby:19.2.0] AndroidManifest.xml:7:22-76
32    <uses-permission android:name="android.permission.REORDER_TASKS" />
32-->[androidx.test:core:1.5.0] AndroidManifest.xml:24:5-72
32-->[androidx.test:core:1.5.0] AndroidManifest.xml:24:22-69
33
34    <permission
34-->[androidx.core:core:1.12.0] AndroidManifest.xml:22:5-24:47
35        android:name="fr.eya.uwblink.DYNAMIC_RECEIVER_NOT_EXPORTED_PERMISSION"
35-->[androidx.core:core:1.12.0] AndroidManifest.xml:23:9-81
36        android:protectionLevel="signature" />
36-->[androidx.core:core:1.12.0] AndroidManifest.xml:24:9-44
37
38    <uses-permission android:name="fr.eya.uwblink.DYNAMIC_RECEIVER_NOT_EXPORTED_PERMISSION" />
38-->[androidx.core:core:1.12.0] AndroidManifest.xml:26:5-97
38-->[androidx.core:core:1.12.0] AndroidManifest.xml:26:22-94
39
40    <application
40-->src\main\AndroidManifest.xml:22:5-44:19
41        android:name="fr.eya.uwblink.HelloUwbApplication"
41-->src\main\AndroidManifest.xml:23:9-44
42        android:allowBackup="true"
42-->src\main\AndroidManifest.xml:24:9-35
43        android:appComponentFactory="androidx.core.app.CoreComponentFactory"
43-->[androidx.core:core:1.12.0] AndroidManifest.xml:28:18-86
44        android:dataExtractionRules="@xml/data_extraction_rules"
44-->src\main\AndroidManifest.xml:25:9-65
45        android:debuggable="true"
46        android:extractNativeLibs="false"
47        android:fullBackupContent="@xml/backup_rules"
47-->src\main\AndroidManifest.xml:26:9-54
48        android:icon="@mipmap/ic_launcher"
48-->src\main\AndroidManifest.xml:27:9-43
49        android:label="@string/app_name"
49-->src\main\AndroidManifest.xml:28:9-41
50        android:roundIcon="@mipmap/ic_launcher_foreground"
50-->src\main\AndroidManifest.xml:29:9-59
51        android:supportsRtl="true"
51-->src\main\AndroidManifest.xml:30:9-35
52        android:theme="@style/Theme.SplashScreen" >
52-->src\main\AndroidManifest.xml:31:9-50
53        <activity
53-->src\main\AndroidManifest.xml:34:9-43:20
54            android:name="fr.eya.uwblink.ui.MainActivity"
54-->src\main\AndroidManifest.xml:35:13-44
55            android:exported="true"
55-->src\main\AndroidManifest.xml:36:13-36
56            android:theme="@style/Theme.SplashScreen" >
56-->src\main\AndroidManifest.xml:37:13-54
57            <intent-filter>
57-->src\main\AndroidManifest.xml:38:13-42:29
58                <action android:name="android.intent.action.MAIN" />
58-->src\main\AndroidManifest.xml:39:17-69
58-->src\main\AndroidManifest.xml:39:25-66
59
60                <category android:name="android.intent.category.LAUNCHER" />
60-->src\main\AndroidManifest.xml:41:17-77
60-->src\main\AndroidManifest.xml:41:27-74
61            </intent-filter>
62        </activity>
63
64        <service
64-->[com.google.android.gms:play-services-nearby:19.2.0] AndroidManifest.xml:10:9-13:105
65            android:name="com.google.android.gms.nearby.exposurenotification.WakeUpService"
65-->[com.google.android.gms:play-services-nearby:19.2.0] AndroidManifest.xml:11:13-92
66            android:exported="true"
66-->[com.google.android.gms:play-services-nearby:19.2.0] AndroidManifest.xml:12:13-36
67            android:permission="com.google.android.gms.nearby.exposurenotification.EXPOSURE_CALLBACK" />
67-->[com.google.android.gms:play-services-nearby:19.2.0] AndroidManifest.xml:13:13-102
68
69        <activity
69-->[com.google.android.gms:play-services-base:18.3.0] AndroidManifest.xml:20:9-22:45
70            android:name="com.google.android.gms.common.api.GoogleApiActivity"
70-->[com.google.android.gms:play-services-base:18.3.0] AndroidManifest.xml:20:19-85
71            android:exported="false"
71-->[com.google.android.gms:play-services-base:18.3.0] AndroidManifest.xml:22:19-43
72            android:theme="@android:style/Theme.Translucent.NoTitleBar" />
72-->[com.google.android.gms:play-services-base:18.3.0] AndroidManifest.xml:21:19-78
73
74        <meta-data
74-->[com.google.android.gms:play-services-basement:18.3.0] AndroidManifest.xml:21:9-23:69
75            android:name="com.google.android.gms.version"
75-->[com.google.android.gms:play-services-basement:18.3.0] AndroidManifest.xml:22:13-58
76            android:value="@integer/google_play_services_version" />
76-->[com.google.android.gms:play-services-basement:18.3.0] AndroidManifest.xml:23:13-66
77
78        <activity
78-->[androidx.compose.ui:ui-test-manifest:1.6.5] AndroidManifest.xml:23:9-25:39
79            android:name="androidx.activity.ComponentActivity"
79-->[androidx.compose.ui:ui-test-manifest:1.6.5] AndroidManifest.xml:24:13-63
80            android:exported="true" />
80-->[androidx.compose.ui:ui-test-manifest:1.6.5] AndroidManifest.xml:25:13-36
81        <activity
81-->[androidx.compose.ui:ui-tooling-android:1.6.5] AndroidManifest.xml:23:9-25:39
82            android:name="androidx.compose.ui.tooling.PreviewActivity"
82-->[androidx.compose.ui:ui-tooling-android:1.6.5] AndroidManifest.xml:24:13-71
83            android:exported="true" />
83-->[androidx.compose.ui:ui-tooling-android:1.6.5] AndroidManifest.xml:25:13-36
84
85        <provider
85-->[androidx.emoji2:emoji2:1.3.0] AndroidManifest.xml:24:9-32:20
86            android:name="androidx.startup.InitializationProvider"
86-->[androidx.emoji2:emoji2:1.3.0] AndroidManifest.xml:25:13-67
87            android:authorities="fr.eya.uwblink.androidx-startup"
87-->[androidx.emoji2:emoji2:1.3.0] AndroidManifest.xml:26:13-68
88            android:exported="false" >
88-->[androidx.emoji2:emoji2:1.3.0] AndroidManifest.xml:27:13-37
89            <meta-data
89-->[androidx.emoji2:emoji2:1.3.0] AndroidManifest.xml:29:13-31:52
90                android:name="androidx.emoji2.text.EmojiCompatInitializer"
90-->[androidx.emoji2:emoji2:1.3.0] AndroidManifest.xml:30:17-75
91                android:value="androidx.startup" />
91-->[androidx.emoji2:emoji2:1.3.0] AndroidManifest.xml:31:17-49
92            <meta-data
92-->[androidx.lifecycle:lifecycle-process:2.7.0] AndroidManifest.xml:29:13-31:52
93                android:name="androidx.lifecycle.ProcessLifecycleInitializer"
93-->[androidx.lifecycle:lifecycle-process:2.7.0] AndroidManifest.xml:30:17-78
94                android:value="androidx.startup" />
94-->[androidx.lifecycle:lifecycle-process:2.7.0] AndroidManifest.xml:31:17-49
95            <meta-data
95-->[androidx.profileinstaller:profileinstaller:1.3.0] AndroidManifest.xml:29:13-31:52
96                android:name="androidx.profileinstaller.ProfileInstallerInitializer"
96-->[androidx.profileinstaller:profileinstaller:1.3.0] AndroidManifest.xml:30:17-85
97                android:value="androidx.startup" />
97-->[androidx.profileinstaller:profileinstaller:1.3.0] AndroidManifest.xml:31:17-49
98        </provider>
99
100        <activity
100-->[androidx.test:core:1.5.0] AndroidManifest.xml:27:9-34:20
101            android:name="androidx.test.core.app.InstrumentationActivityInvoker$BootstrapActivity"
101-->[androidx.test:core:1.5.0] AndroidManifest.xml:28:13-99
102            android:exported="true"
102-->[androidx.test:core:1.5.0] AndroidManifest.xml:29:13-36
103            android:theme="@style/WhiteBackgroundTheme" >
103-->[androidx.test:core:1.5.0] AndroidManifest.xml:30:13-56
104            <intent-filter android:priority="-100" >
104-->[androidx.test:core:1.5.0] AndroidManifest.xml:31:13-33:29
104-->[androidx.test:core:1.5.0] AndroidManifest.xml:31:28-51
105                <category android:name="android.intent.category.LAUNCHER" />
105-->src\main\AndroidManifest.xml:41:17-77
105-->src\main\AndroidManifest.xml:41:27-74
106            </intent-filter>
107        </activity>
108        <activity
108-->[androidx.test:core:1.5.0] AndroidManifest.xml:35:9-42:20
109            android:name="androidx.test.core.app.InstrumentationActivityInvoker$EmptyActivity"
109-->[androidx.test:core:1.5.0] AndroidManifest.xml:36:13-95
110            android:exported="true"
110-->[androidx.test:core:1.5.0] AndroidManifest.xml:37:13-36
111            android:theme="@style/WhiteBackgroundTheme" >
111-->[androidx.test:core:1.5.0] AndroidManifest.xml:38:13-56
112            <intent-filter android:priority="-100" >
112-->[androidx.test:core:1.5.0] AndroidManifest.xml:31:13-33:29
112-->[androidx.test:core:1.5.0] AndroidManifest.xml:31:28-51
113                <category android:name="android.intent.category.LAUNCHER" />
113-->src\main\AndroidManifest.xml:41:17-77
113-->src\main\AndroidManifest.xml:41:27-74
114            </intent-filter>
115        </activity>
116        <activity
116-->[androidx.test:core:1.5.0] AndroidManifest.xml:43:9-50:20
117            android:name="androidx.test.core.app.InstrumentationActivityInvoker$EmptyFloatingActivity"
117-->[androidx.test:core:1.5.0] AndroidManifest.xml:44:13-103
118            android:exported="true"
118-->[androidx.test:core:1.5.0] AndroidManifest.xml:45:13-36
119            android:theme="@style/WhiteBackgroundDialogTheme" >
119-->[androidx.test:core:1.5.0] AndroidManifest.xml:46:13-62
120            <intent-filter android:priority="-100" >
120-->[androidx.test:core:1.5.0] AndroidManifest.xml:31:13-33:29
120-->[androidx.test:core:1.5.0] AndroidManifest.xml:31:28-51
121                <category android:name="android.intent.category.LAUNCHER" />
121-->src\main\AndroidManifest.xml:41:17-77
121-->src\main\AndroidManifest.xml:41:27-74
122            </intent-filter>
123        </activity>
124
125        <uses-library
125-->[androidx.window:window:1.0.0] AndroidManifest.xml:25:9-27:40
126            android:name="androidx.window.extensions"
126-->[androidx.window:window:1.0.0] AndroidManifest.xml:26:13-54
127            android:required="false" />
127-->[androidx.window:window:1.0.0] AndroidManifest.xml:27:13-37
128        <uses-library
128-->[androidx.window:window:1.0.0] AndroidManifest.xml:28:9-30:40
129            android:name="androidx.window.sidecar"
129-->[androidx.window:window:1.0.0] AndroidManifest.xml:29:13-51
130            android:required="false" />
130-->[androidx.window:window:1.0.0] AndroidManifest.xml:30:13-37
131
132        <service
132-->[androidx.room:room-runtime:2.6.1] AndroidManifest.xml:24:9-28:63
133            android:name="androidx.room.MultiInstanceInvalidationService"
133-->[androidx.room:room-runtime:2.6.1] AndroidManifest.xml:25:13-74
134            android:directBootAware="true"
134-->[androidx.room:room-runtime:2.6.1] AndroidManifest.xml:26:13-43
135            android:exported="false" />
135-->[androidx.room:room-runtime:2.6.1] AndroidManifest.xml:27:13-37
136
137        <receiver
137-->[androidx.profileinstaller:profileinstaller:1.3.0] AndroidManifest.xml:34:9-52:20
138            android:name="androidx.profileinstaller.ProfileInstallReceiver"
138-->[androidx.profileinstaller:profileinstaller:1.3.0] AndroidManifest.xml:35:13-76
139            android:directBootAware="false"
139-->[androidx.profileinstaller:profileinstaller:1.3.0] AndroidManifest.xml:36:13-44
140            android:enabled="true"
140-->[androidx.profileinstaller:profileinstaller:1.3.0] AndroidManifest.xml:37:13-35
141            android:exported="true"
141-->[androidx.profileinstaller:profileinstaller:1.3.0] AndroidManifest.xml:38:13-36
142            android:permission="android.permission.DUMP" >
142-->[androidx.profileinstaller:profileinstaller:1.3.0] AndroidManifest.xml:39:13-57
143            <intent-filter>
143-->[androidx.profileinstaller:profileinstaller:1.3.0] AndroidManifest.xml:40:13-42:29
144                <action android:name="androidx.profileinstaller.action.INSTALL_PROFILE" />
144-->[androidx.profileinstaller:profileinstaller:1.3.0] AndroidManifest.xml:41:17-91
144-->[androidx.profileinstaller:profileinstaller:1.3.0] AndroidManifest.xml:41:25-88
145            </intent-filter>
146            <intent-filter>
146-->[androidx.profileinstaller:profileinstaller:1.3.0] AndroidManifest.xml:43:13-45:29
147                <action android:name="androidx.profileinstaller.action.SKIP_FILE" />
147-->[androidx.profileinstaller:profileinstaller:1.3.0] AndroidManifest.xml:44:17-85
147-->[androidx.profileinstaller:profileinstaller:1.3.0] AndroidManifest.xml:44:25-82
148            </intent-filter>
149            <intent-filter>
149-->[androidx.profileinstaller:profileinstaller:1.3.0] AndroidManifest.xml:46:13-48:29
150                <action android:name="androidx.profileinstaller.action.SAVE_PROFILE" />
150-->[androidx.profileinstaller:profileinstaller:1.3.0] AndroidManifest.xml:47:17-88
150-->[androidx.profileinstaller:profileinstaller:1.3.0] AndroidManifest.xml:47:25-85
151            </intent-filter>
152            <intent-filter>
152-->[androidx.profileinstaller:profileinstaller:1.3.0] AndroidManifest.xml:49:13-51:29
153                <action android:name="androidx.profileinstaller.action.BENCHMARK_OPERATION" />
153-->[androidx.profileinstaller:profileinstaller:1.3.0] AndroidManifest.xml:50:17-95
153-->[androidx.profileinstaller:profileinstaller:1.3.0] AndroidManifest.xml:50:25-92
154            </intent-filter>
155        </receiver>
156    </application>
157
158</manifest>